<?xml version="1.0" encoding="UTF-8"?>
<!-- Generated by org.testng.reporters.JUnitReportReporter -->
<testsuite skipped="0" hostname="C02T83U4G8WN" name="apiTest.scenario" tests="6" failures="0" timestamp="07 Jun 2020 12:25:12 GMT" time="7.066" errors="0">
  <testcase name="post_createChannel" time="3.047" classname="apiTest.scenario"/>
  <testcase name="post_joinChannel" time="0.615" classname="apiTest.scenario"/>
  <testcase name="post_renameChannel" time="0.790" classname="apiTest.scenario"/>
  <testcase name="get_channels" time="1.287" classname="apiTest.scenario"/>
  <testcase name="post_archiveChannel" time="0.700" classname="apiTest.scenario"/>
  <testcase name="get_channelsAfterArchived" time="0.627" classname="apiTest.scenario"/>
</testsuite> <!-- apiTest.scenario -->
